<?xml version="1.0" encoding="UTF-8"?>
<testng-results skipped="0" failed="0" ignored="0" total="3" passed="3">
  <reporter-output>
  </reporter-output>
  <suite name="Default suite" duration-ms="165" started-at="2020-03-18T15:38:02 PDT" finished-at="2020-03-18T15:38:02 PDT">
    <groups>
    </groups>
    <test name="Default test" duration-ms="165" started-at="2020-03-18T15:38:02 PDT" finished-at="2020-03-18T15:38:02 PDT">
      <class name="TestNGDemo.TNGDemo.CarLoginApplicatiom">
        <test-method status="PASS" signature="Login(java.lang.String, java.lang.String)[pri:0, instance:TestNGDemo.TNGDemo.CarLoginApplicatiom@5e853265]" name="Login" duration-ms="16" started-at="2020-03-18T15:38:02 PDT" data-provider="getData" finished-at="2020-03-18T15:38:02 PDT">
          <params>
            <param index="0">
              <value>
                <![CDATA[first username]]>
              </value>
            </param>
            <param index="1">
              <value>
                <![CDATA[first password]]>
              </value>
            </param>
          </params>
          <reporter-output>
          </reporter-output>
        </test-method> <!-- Login -->
        <test-method status="PASS" signature="Login(java.lang.String, java.lang.String)[pri:0, instance:TestNGDemo.TNGDemo.CarLoginApplicatiom@5e853265]" name="Login" duration-ms="4" started-at="2020-03-18T15:38:02 PDT" data-provider="getData" finished-at="2020-03-18T15:38:02 PDT">
          <params>
            <param index="0">
              <value>
                <![CDATA[ram]]>
              </value>
            </param>
            <param index="1">
              <value>
                <![CDATA[123ram]]>
              </value>
            </param>
          </params>
          <reporter-output>
          </reporter-output>
        </test-method> <!-- Login -->
        <test-method status="PASS" signature="Login(java.lang.String, java.lang.String)[pri:0, instance:TestNGDemo.TNGDemo.CarLoginApplicatiom@5e853265]" name="Login" duration-ms="2" started-at="2020-03-18T15:38:02 PDT" data-provider="getData" finished-at="2020-03-18T15:38:02 PDT">
          <params>
            <param index="0">
              <value>
                <![CDATA[lakshmi]]>
              </value>
            </param>
            <param index="1">
              <value>
                <![CDATA[234lakshmi]]>
              </value>
            </param>
          </params>
          <reporter-output>
          </reporter-output>
        </test-method> <!-- Login -->
      </class> <!-- TestNGDemo.TNGDemo.CarLoginApplicatiom -->
    </test> <!-- Default test -->
  </suite> <!-- Default suite -->
</testng-results>
