<?xml version="1.0" encoding="UTF-8"?>
<!-- Generated by org.testng.reporters.JUnitXMLReporter -->
<testsuite hostname="DESKTOP-GLN0CH9" ignored="0" name="Default test" tests="3" failures="0" timestamp="2020-03-18T15:38:02 PDT" time="0.165" errors="0">
  <testcase name="Login" time="0.016" classname="TestNGDemo.TNGDemo.CarLoginApplicatiom"/>
  <testcase name="Login" time="0.004" classname="TestNGDemo.TNGDemo.CarLoginApplicatiom"/>
  <testcase name="Login" time="0.002" classname="TestNGDemo.TNGDemo.CarLoginApplicatiom"/>
</testsuite> <!-- Default test -->
